2020-12-07T08:27:13+00:00 CRITICAL Uncaught Error: Call to undefined function twentynineteen_can_show_post_thumbnail() in C:\xampp\htdocs\wordpress\wp-content\themes\twentynineteen-child\header.php:29
Stack trace:
#0 C:\xampp\htdocs\wordpress\wp-includes\template.php(730): require_once()
#1 C:\xampp\htdocs\wordpress\wp-includes\template.php(676): load_template('C:\\xampp\\htdocs...', true, Array)
#2 C:\xampp\htdocs\wordpress\wp-includes\general-template.php(48): locate_template(Array, true, true, Array)
#3 C:\xampp\htdocs\wordpress\wp-content\themes\twentynineteen-child\page.php(2): get_header()
#4 C:\xampp\htdocs\wordpress\wp-includes\template-loader.php(106): include('C:\\xampp\\htdocs...')
#5 C:\xampp\htdocs\wordpress\wp-blog-header.php(19): require_once('C:\\xampp\\htdocs...')
#6 C:\xampp\htdocs\wordpress\index.php(17): require('C:\\xampp\\htdocs...')
#7 {main}
  thrown in C:\xampp\htdocs\wordpress\wp-content\themes\twentynineteen-child\header.php on line 29

2020-12-07T08:41:07+00:00 CRITICAL Uncaught Error: Call to undefined function twentynineteen_can_show_post_thumbnail() in C:\xampp\htdocs\wordpress\wp-content\themes\twentynineteen-child\header.php:29
Stack trace:
#0 C:\xampp\htdocs\wordpress\wp-includes\template.php(730): require_once()
#1 C:\xampp\htdocs\wordpress\wp-includes\template.php(676): load_template('C:\\xampp\\htdocs...', true, Array)
#2 C:\xampp\htdocs\wordpress\wp-includes\general-template.php(48): locate_template(Array, true, true, Array)
#3 C:\xampp\htdocs\wordpress\wp-content\themes\twentynineteen-child\page.php(2): get_header()
#4 C:\xampp\htdocs\wordpress\wp-includes\template-loader.php(106): include('C:\\xampp\\htdocs...')
#5 C:\xampp\htdocs\wordpress\wp-blog-header.php(19): require_once('C:\\xampp\\htdocs...')
#6 C:\xampp\htdocs\wordpress\index.php(17): require('C:\\xampp\\htdocs...')
#7 {main}
  thrown in C:\xampp\htdocs\wordpress\wp-content\themes\twentynineteen-child\header.php on line 29

2020-12-07T09:00:07+00:00 CRITICAL Uncaught Error: Call to undefined function twentynineteen_can_show_post_thumbnail() in C:\xampp\htdocs\wordpress\wp-content\themes\twentynineteen-child\header.php:29
Stack trace:
#0 C:\xampp\htdocs\wordpress\wp-includes\template.php(730): require_once()
#1 C:\xampp\htdocs\wordpress\wp-includes\template.php(676): load_template('C:\\xampp\\htdocs...', true, Array)
#2 C:\xampp\htdocs\wordpress\wp-includes\general-template.php(48): locate_template(Array, true, true, Array)
#3 C:\xampp\htdocs\wordpress\wp-content\themes\twentynineteen-child\page.php(2): get_header()
#4 C:\xampp\htdocs\wordpress\wp-includes\template-loader.php(106): include('C:\\xampp\\htdocs...')
#5 C:\xampp\htdocs\wordpress\wp-blog-header.php(19): require_once('C:\\xampp\\htdocs...')
#6 C:\xampp\htdocs\wordpress\index.php(17): require('C:\\xampp\\htdocs...')
#7 {main}
  thrown in C:\xampp\htdocs\wordpress\wp-content\themes\twentynineteen-child\header.php on line 29

2020-12-07T09:01:21+00:00 CRITICAL Uncaught Error: Call to undefined function twentynineteen_can_show_post_thumbnail() in C:\xampp\htdocs\wordpress\wp-content\themes\twentynineteen-child\header.php:29
Stack trace:
#0 C:\xampp\htdocs\wordpress\wp-includes\template.php(730): require_once()
#1 C:\xampp\htdocs\wordpress\wp-includes\template.php(676): load_template('C:\\xampp\\htdocs...', true, Array)
#2 C:\xampp\htdocs\wordpress\wp-includes\general-template.php(48): locate_template(Array, true, true, Array)
#3 C:\xampp\htdocs\wordpress\wp-content\themes\twentynineteen-child\page.php(2): get_header()
#4 C:\xampp\htdocs\wordpress\wp-includes\template-loader.php(106): include('C:\\xampp\\htdocs...')
#5 C:\xampp\htdocs\wordpress\wp-blog-header.php(19): require_once('C:\\xampp\\htdocs...')
#6 C:\xampp\htdocs\wordpress\index.php(17): require('C:\\xampp\\htdocs...')
#7 {main}
  thrown in C:\xampp\htdocs\wordpress\wp-content\themes\twentynineteen-child\header.php on line 29

2020-12-07T09:01:50+00:00 CRITICAL Uncaught Error: Call to undefined function twentynineteen_can_show_post_thumbnail() in C:\xampp\htdocs\wordpress\wp-content\themes\twentynineteen-child\header.php:29
Stack trace:
#0 C:\xampp\htdocs\wordpress\wp-includes\template.php(730): require_once()
#1 C:\xampp\htdocs\wordpress\wp-includes\template.php(676): load_template('C:\\xampp\\htdocs...', true, Array)
#2 C:\xampp\htdocs\wordpress\wp-includes\general-template.php(48): locate_template(Array, true, true, Array)
#3 C:\xampp\htdocs\wordpress\wp-content\themes\twentynineteen-child\page.php(2): get_header()
#4 C:\xampp\htdocs\wordpress\wp-includes\template-loader.php(106): include('C:\\xampp\\htdocs...')
#5 C:\xampp\htdocs\wordpress\wp-blog-header.php(19): require_once('C:\\xampp\\htdocs...')
#6 C:\xampp\htdocs\wordpress\index.php(17): require('C:\\xampp\\htdocs...')
#7 {main}
  thrown in C:\xampp\htdocs\wordpress\wp-content\themes\twentynineteen-child\header.php on line 29

2020-12-07T09:08:15+00:00 CRITICAL Uncaught Error: Call to undefined function twentynineteen_can_show_post_thumbnail() in C:\xampp\htdocs\wordpress\wp-content\themes\twentynineteen-child\header.php:29
Stack trace:
#0 C:\xampp\htdocs\wordpress\wp-includes\template.php(730): require_once()
#1 C:\xampp\htdocs\wordpress\wp-includes\template.php(676): load_template('C:\\xampp\\htdocs...', true, Array)
#2 C:\xampp\htdocs\wordpress\wp-includes\general-template.php(48): locate_template(Array, true, true, Array)
#3 C:\xampp\htdocs\wordpress\wp-content\themes\twentynineteen-child\page.php(2): get_header()
#4 C:\xampp\htdocs\wordpress\wp-includes\template-loader.php(106): include('C:\\xampp\\htdocs...')
#5 C:\xampp\htdocs\wordpress\wp-blog-header.php(19): require_once('C:\\xampp\\htdocs...')
#6 C:\xampp\htdocs\wordpress\index.php(17): require('C:\\xampp\\htdocs...')
#7 {main}
  thrown in C:\xampp\htdocs\wordpress\wp-content\themes\twentynineteen-child\header.php on line 29

2020-12-07T09:11:08+00:00 CRITICAL Uncaught Error: Call to undefined function twentynineteen_can_show_post_thumbnail() in C:\xampp\htdocs\wordpress\wp-content\themes\twentynineteen-child\header.php:29
Stack trace:
#0 C:\xampp\htdocs\wordpress\wp-includes\template.php(730): require_once()
#1 C:\xampp\htdocs\wordpress\wp-includes\template.php(676): load_template('C:\\xampp\\htdocs...', true, Array)
#2 C:\xampp\htdocs\wordpress\wp-includes\general-template.php(48): locate_template(Array, true, true, Array)
#3 C:\xampp\htdocs\wordpress\wp-content\themes\twentynineteen-child\page.php(2): get_header()
#4 C:\xampp\htdocs\wordpress\wp-includes\template-loader.php(106): include('C:\\xampp\\htdocs...')
#5 C:\xampp\htdocs\wordpress\wp-blog-header.php(19): require_once('C:\\xampp\\htdocs...')
#6 C:\xampp\htdocs\wordpress\index.php(17): require('C:\\xampp\\htdocs...')
#7 {main}
  thrown in C:\xampp\htdocs\wordpress\wp-content\themes\twentynineteen-child\header.php on line 29

2020-12-07T09:11:20+00:00 CRITICAL Uncaught Error: Call to undefined function twentynineteen_can_show_post_thumbnail() in C:\xampp\htdocs\wordpress\wp-content\themes\twentynineteen-child\header.php:29
Stack trace:
#0 C:\xampp\htdocs\wordpress\wp-includes\template.php(730): require_once()
#1 C:\xampp\htdocs\wordpress\wp-includes\template.php(676): load_template('C:\\xampp\\htdocs...', true, Array)
#2 C:\xampp\htdocs\wordpress\wp-includes\general-template.php(48): locate_template(Array, true, true, Array)
#3 C:\xampp\htdocs\wordpress\wp-content\themes\twentynineteen-child\page.php(2): get_header()
#4 C:\xampp\htdocs\wordpress\wp-includes\template-loader.php(106): include('C:\\xampp\\htdocs...')
#5 C:\xampp\htdocs\wordpress\wp-blog-header.php(19): require_once('C:\\xampp\\htdocs...')
#6 C:\xampp\htdocs\wordpress\index.php(17): require('C:\\xampp\\htdocs...')
#7 {main}
  thrown in C:\xampp\htdocs\wordpress\wp-content\themes\twentynineteen-child\header.php on line 29

2020-12-07T09:20:06+00:00 CRITICAL Uncaught Error: Call to undefined function twentynineteen_can_show_post_thumbnail() in C:\xampp\htdocs\wordpress\wp-content\themes\twentynineteen-child\header.php:29
Stack trace:
#0 C:\xampp\htdocs\wordpress\wp-includes\template.php(730): require_once()
#1 C:\xampp\htdocs\wordpress\wp-includes\template.php(676): load_template('C:\\xampp\\htdocs...', true, Array)
#2 C:\xampp\htdocs\wordpress\wp-includes\general-template.php(48): locate_template(Array, true, true, Array)
#3 C:\xampp\htdocs\wordpress\wp-content\themes\twentynineteen-child\page.php(2): get_header()
#4 C:\xampp\htdocs\wordpress\wp-includes\template-loader.php(106): include('C:\\xampp\\htdocs...')
#5 C:\xampp\htdocs\wordpress\wp-blog-header.php(19): require_once('C:\\xampp\\htdocs...')
#6 C:\xampp\htdocs\wordpress\index.php(17): require('C:\\xampp\\htdocs...')
#7 {main}
  thrown in C:\xampp\htdocs\wordpress\wp-content\themes\twentynineteen-child\header.php on line 29

2020-12-07T09:21:16+00:00 CRITICAL Uncaught Error: Call to undefined function twentynineteen_can_show_post_thumbnail() in C:\xampp\htdocs\wordpress\wp-content\themes\twentynineteen-child\header.php:29
Stack trace:
#0 C:\xampp\htdocs\wordpress\wp-includes\template.php(730): require_once()
#1 C:\xampp\htdocs\wordpress\wp-includes\template.php(676): load_template('C:\\xampp\\htdocs...', true, Array)
#2 C:\xampp\htdocs\wordpress\wp-includes\general-template.php(48): locate_template(Array, true, true, Array)
#3 C:\xampp\htdocs\wordpress\wp-content\themes\twentynineteen-child\page.php(2): get_header()
#4 C:\xampp\htdocs\wordpress\wp-includes\template-loader.php(106): include('C:\\xampp\\htdocs...')
#5 C:\xampp\htdocs\wordpress\wp-blog-header.php(19): require_once('C:\\xampp\\htdocs...')
#6 C:\xampp\htdocs\wordpress\index.php(17): require('C:\\xampp\\htdocs...')
#7 {main}
  thrown in C:\xampp\htdocs\wordpress\wp-content\themes\twentynineteen-child\header.php on line 29

2020-12-07T09:21:39+00:00 CRITICAL Uncaught Error: Call to undefined function twentynineteen_can_show_post_thumbnail() in C:\xampp\htdocs\wordpress\wp-content\themes\twentynineteen-child\header.php:29
Stack trace:
#0 C:\xampp\htdocs\wordpress\wp-includes\template.php(730): require_once()
#1 C:\xampp\htdocs\wordpress\wp-includes\template.php(676): load_template('C:\\xampp\\htdocs...', true, Array)
#2 C:\xampp\htdocs\wordpress\wp-includes\general-template.php(48): locate_template(Array, true, true, Array)
#3 C:\xampp\htdocs\wordpress\wp-content\themes\twentynineteen-child\page.php(2): get_header()
#4 C:\xampp\htdocs\wordpress\wp-includes\template-loader.php(106): include('C:\\xampp\\htdocs...')
#5 C:\xampp\htdocs\wordpress\wp-blog-header.php(19): require_once('C:\\xampp\\htdocs...')
#6 C:\xampp\htdocs\wordpress\index.php(17): require('C:\\xampp\\htdocs...')
#7 {main}
  thrown in C:\xampp\htdocs\wordpress\wp-content\themes\twentynineteen-child\header.php on line 29

2020-12-07T09:38:08+00:00 CRITICAL Uncaught Error: Call to undefined function twentynineteen_can_show_post_thumbnail() in C:\xampp\htdocs\wordpress\wp-content\themes\twentynineteen-child\header.php:29
Stack trace:
#0 C:\xampp\htdocs\wordpress\wp-includes\template.php(730): require_once()
#1 C:\xampp\htdocs\wordpress\wp-includes\template.php(676): load_template('C:\\xampp\\htdocs...', true, Array)
#2 C:\xampp\htdocs\wordpress\wp-includes\general-template.php(48): locate_template(Array, true, true, Array)
#3 C:\xampp\htdocs\wordpress\wp-content\themes\twentynineteen-child\page.php(2): get_header()
#4 C:\xampp\htdocs\wordpress\wp-includes\template-loader.php(106): include('C:\\xampp\\htdocs...')
#5 C:\xampp\htdocs\wordpress\wp-blog-header.php(19): require_once('C:\\xampp\\htdocs...')
#6 C:\xampp\htdocs\wordpress\index.php(17): require('C:\\xampp\\htdocs...')
#7 {main}
  thrown in C:\xampp\htdocs\wordpress\wp-content\themes\twentynineteen-child\header.php on line 29

2020-12-07T09:38:14+00:00 CRITICAL Uncaught Error: Call to undefined function twentynineteen_can_show_post_thumbnail() in C:\xampp\htdocs\wordpress\wp-content\themes\twentynineteen-child\header.php:29
Stack trace:
#0 C:\xampp\htdocs\wordpress\wp-includes\template.php(730): require_once()
#1 C:\xampp\htdocs\wordpress\wp-includes\template.php(676): load_template('C:\\xampp\\htdocs...', true, Array)
#2 C:\xampp\htdocs\wordpress\wp-includes\general-template.php(48): locate_template(Array, true, true, Array)
#3 C:\xampp\htdocs\wordpress\wp-content\themes\twentynineteen-child\page.php(2): get_header()
#4 C:\xampp\htdocs\wordpress\wp-includes\template-loader.php(106): include('C:\\xampp\\htdocs...')
#5 C:\xampp\htdocs\wordpress\wp-blog-header.php(19): require_once('C:\\xampp\\htdocs...')
#6 C:\xampp\htdocs\wordpress\index.php(17): require('C:\\xampp\\htdocs...')
#7 {main}
  thrown in C:\xampp\htdocs\wordpress\wp-content\themes\twentynineteen-child\header.php on line 29

2020-12-07T09:56:01+00:00 CRITICAL Uncaught Error: Call to undefined function twentynineteen_can_show_post_thumbnail() in C:\xampp\htdocs\wordpress\wp-content\themes\twentynineteen-child\header.php:29
Stack trace:
#0 C:\xampp\htdocs\wordpress\wp-includes\template.php(730): require_once()
#1 C:\xampp\htdocs\wordpress\wp-includes\template.php(676): load_template('C:\\xampp\\htdocs...', true, Array)
#2 C:\xampp\htdocs\wordpress\wp-includes\general-template.php(48): locate_template(Array, true, true, Array)
#3 C:\xampp\htdocs\wordpress\wp-content\themes\twentynineteen-child\page.php(2): get_header()
#4 C:\xampp\htdocs\wordpress\wp-includes\template-loader.php(106): include('C:\\xampp\\htdocs...')
#5 C:\xampp\htdocs\wordpress\wp-blog-header.php(19): require_once('C:\\xampp\\htdocs...')
#6 C:\xampp\htdocs\wordpress\index.php(17): require('C:\\xampp\\htdocs...')
#7 {main}
  thrown in C:\xampp\htdocs\wordpress\wp-content\themes\twentynineteen-child\header.php on line 29

2020-12-07T09:56:09+00:00 CRITICAL Uncaught Error: Call to undefined function twentynineteen_can_show_post_thumbnail() in C:\xampp\htdocs\wordpress\wp-content\themes\twentynineteen-child\header.php:29
Stack trace:
#0 C:\xampp\htdocs\wordpress\wp-includes\template.php(730): require_once()
#1 C:\xampp\htdocs\wordpress\wp-includes\template.php(676): load_template('C:\\xampp\\htdocs...', true, Array)
#2 C:\xampp\htdocs\wordpress\wp-includes\general-template.php(48): locate_template(Array, true, true, Array)
#3 C:\xampp\htdocs\wordpress\wp-content\themes\twentynineteen-child\page.php(2): get_header()
#4 C:\xampp\htdocs\wordpress\wp-includes\template-loader.php(106): include('C:\\xampp\\htdocs...')
#5 C:\xampp\htdocs\wordpress\wp-blog-header.php(19): require_once('C:\\xampp\\htdocs...')
#6 C:\xampp\htdocs\wordpress\index.php(17): require('C:\\xampp\\htdocs...')
#7 {main}
  thrown in C:\xampp\htdocs\wordpress\wp-content\themes\twentynineteen-child\header.php on line 29

2020-12-07T10:10:02+00:00 CRITICAL Uncaught Error: Call to undefined function twentynineteen_can_show_post_thumbnail() in C:\xampp\htdocs\wordpress\wp-content\themes\twentynineteen-child\header.php:29
Stack trace:
#0 C:\xampp\htdocs\wordpress\wp-includes\template.php(730): require_once()
#1 C:\xampp\htdocs\wordpress\wp-includes\template.php(676): load_template('C:\\xampp\\htdocs...', true, Array)
#2 C:\xampp\htdocs\wordpress\wp-includes\general-template.php(48): locate_template(Array, true, true, Array)
#3 C:\xampp\htdocs\wordpress\wp-content\themes\twentynineteen-child\page.php(2): get_header()
#4 C:\xampp\htdocs\wordpress\wp-includes\template-loader.php(106): include('C:\\xampp\\htdocs...')
#5 C:\xampp\htdocs\wordpress\wp-blog-header.php(19): require_once('C:\\xampp\\htdocs...')
#6 C:\xampp\htdocs\wordpress\index.php(17): require('C:\\xampp\\htdocs...')
#7 {main}
  thrown in C:\xampp\htdocs\wordpress\wp-content\themes\twentynineteen-child\header.php on line 29

2020-12-07T10:18:36+00:00 CRITICAL Maximum execution time of 120 seconds exceeded in C:\xampp\htdocs\wordpress\wp-admin\includes\class-wp-filesystem-direct.php on line 76

2020-12-07T11:29:28+00:00 CRITICAL Maximum execution time of 120 seconds exceeded in C:\xampp\htdocs\wordpress\wp-admin\includes\class-wp-filesystem-direct.php on line 82

2020-12-07T11:47:43+00:00 CRITICAL Maximum execution time of 120 seconds exceeded in C:\xampp\htdocs\wordpress\wp-includes\Requests\Transport\cURL.php on line 463

2020-12-07T11:49:16+00:00 CRITICAL Maximum execution time of 120 seconds exceeded in C:\xampp\htdocs\wordpress\wp-admin\includes\class-wp-filesystem-direct.php on line 82

